<?xml version="1.0" encoding="UTF-8"?>
<testsuite name="com.cotato.study.SpringnAWS.web.HelloControllerTest" tests="2" skipped="0" failures="0" errors="0" timestamp="2023-01-30T11:15:42" hostname="DESKTOP-JT0OJH6" time="0.58">
  <properties/>
  <testcase name="hello가_리턴된다" classname="com.cotato.study.SpringnAWS.web.HelloControllerTest" time="0.234"/>
  <testcase name="helloDto가_리턴된다" classname="com.cotato.study.SpringnAWS.web.HelloControllerTest" time="0.345"/>
  <system-out><![CDATA[2023-01-30 20:15:38.804  INFO 75172 --- [    Test worker] .b.t.a.w.s.WebMvcTestContextBootstrapper : Neither @ContextConfiguration nor @ContextHierarchy found for test class [com.cotato.study.SpringnAWS.web.HelloControllerTest], using SpringBootContextLoader
2023-01-30 20:15:38.808  INFO 75172 --- [    Test worker] o.s.t.c.support.AbstractContextLoader    : Could not detect default resource locations for test class [com.cotato.study.SpringnAWS.web.HelloControllerTest]: no resource found for suffixes {-context.xml, Context.groovy}.
2023-01-30 20:15:38.809  INFO 75172 --- [    Test worker] t.c.s.AnnotationConfigContextLoaderUtils : Could not detect default configuration classes for test class [com.cotato.study.SpringnAWS.web.HelloControllerTest]: HelloControllerTest does not declare any static, non-private, non-final, nested classes annotated with @Configuration.
2023-01-30 20:15:38.870  INFO 75172 --- [    Test worker] .b.t.c.SpringBootTestContextBootstrapper : Found @SpringBootConfiguration com.cotato.study.SpringnAWS.Application for test class com.cotato.study.SpringnAWS.web.HelloControllerTest
2023-01-30 20:15:38.871  INFO 75172 --- [    Test worker] .b.t.a.w.s.WebMvcTestContextBootstrapper : Loaded default TestExecutionListener class names from location [META-INF/spring.factories]: [org.springframework.security.test.context.support.WithSecurityContextTestExecutionListener, org.springframework.security.test.context.support.ReactorContextTestExecutionListener, org.springframework.boot.test.autoconfigure.restdocs.RestDocsTestExecutionListener, org.springframework.boot.test.autoconfigure.web.client.MockRestServiceServerResetTestExecutionListener, org.springframework.boot.test.autoconfigure.web.servlet.MockMvcPrintOnlyOnFailureTestExecutionListener, org.springframework.boot.test.autoconfigure.web.servlet.WebDriverTestExecutionListener, org.springframework.boot.test.mock.mockito.MockitoTestExecutionListener, org.springframework.boot.test.mock.mockito.ResetMocksTestExecutionListener, org.springframework.test.context.web.ServletTestExecutionListener, org.springframework.test.context.support.DirtiesContextBeforeModesTestExecutionListener, org.springframework.test.context.support.DependencyInjectionTestExecutionListener, org.springframework.test.context.support.DirtiesContextTestExecutionListener, org.springframework.test.context.transaction.TransactionalTestExecutionListener, org.springframework.test.context.jdbc.SqlScriptsTestExecutionListener]
2023-01-30 20:15:38.876  INFO 75172 --- [    Test worker] .b.t.a.w.s.WebMvcTestContextBootstrapper : Using TestExecutionListeners: [org.springframework.test.context.web.ServletTestExecutionListener@41885f12, org.springframework.test.context.support.DirtiesContextBeforeModesTestExecutionListener@5a9831fe, org.springframework.boot.test.mock.mockito.MockitoTestExecutionListener@2fad46e, org.springframework.boot.test.autoconfigure.SpringBootDependencyInjectionTestExecutionListener@39f7c9c1, org.springframework.test.context.support.DirtiesContextTestExecutionListener@3a846122, org.springframework.test.context.transaction.TransactionalTestExecutionListener@2188a04d, org.springframework.test.context.jdbc.SqlScriptsTestExecutionListener@750549b6, org.springframework.security.test.context.support.WithSecurityContextTestExecutionListener@72bb3f16, org.springframework.security.test.context.support.ReactorContextTestExecutionListener@6bafcd12, org.springframework.boot.test.autoconfigure.restdocs.RestDocsTestExecutionListener@fc192e2, org.springframework.boot.test.autoconfigure.web.client.MockRestServiceServerResetTestExecutionListener@50d62255, org.springframework.boot.test.autoconfigure.web.servlet.MockMvcPrintOnlyOnFailureTestExecutionListener@7b3ee4d6, org.springframework.boot.test.autoconfigure.web.servlet.WebDriverTestExecutionListener@6e6c61fe, org.springframework.boot.test.mock.mockito.ResetMocksTestExecutionListener@6d39b853]

  .   ____          _            __ _ _
 /\\ / ___'_ __ _ _(_)_ __  __ _ \ \ \ \
( ( )\___ | '_ | '_| | '_ \/ _` | \ \ \ \
 \\/  ___)| |_)| | | | | || (_| |  ) ) ) )
  '  |____| .__|_| |_|_| |_\__, | / / / /
 =========|_|==============|___/=/_/_/_/
 :: Spring Boot ::        (v2.1.7.RELEASE)

2023-01-30 20:15:38.982  INFO 75172 --- [    Test worker] c.c.s.S.web.HelloControllerTest          : Starting HelloControllerTest on DESKTOP-JT0OJH6 with PID 75172 (started by skap0 in C:\Users\skap0\Desktop\CE\java\SpringBootnAWS\cotato\cotato)
2023-01-30 20:15:38.986  INFO 75172 --- [    Test worker] c.c.s.S.web.HelloControllerTest          : No active profile set, falling back to default profiles: default
2023-01-30 20:15:40.668  INFO 75172 --- [    Test worker] o.s.s.concurrent.ThreadPoolTaskExecutor  : Initializing ExecutorService 'applicationTaskExecutor'
2023-01-30 20:15:40.770  INFO 75172 --- [    Test worker] o.s.b.a.w.s.WelcomePageHandlerMapping    : Adding welcome page template: index
2023-01-30 20:15:41.582  INFO 75172 --- [    Test worker] .s.s.UserDetailsServiceAutoConfiguration : 

Using generated security password: 95d4b12f-cc66-48db-88b0-6fba5ee8dee1

2023-01-30 20:15:42.059  INFO 75172 --- [    Test worker] o.s.s.web.DefaultSecurityFilterChain     : Creating filter chain: any request, [org.springframework.security.web.context.request.async.WebAsyncManagerIntegrationFilter@5600f4be, org.springframework.security.web.context.SecurityContextPersistenceFilter@6435c2e7, org.springframework.security.web.header.HeaderWriterFilter@28048f28, org.springframework.security.web.csrf.CsrfFilter@edc3055, org.springframework.security.web.authentication.logout.LogoutFilter@73766417, org.springframework.security.web.authentication.UsernamePasswordAuthenticationFilter@7c4a0b3d, org.springframework.security.web.authentication.ui.DefaultLoginPageGeneratingFilter@38a068f8, org.springframework.security.web.authentication.ui.DefaultLogoutPageGeneratingFilter@20282c68, org.springframework.security.web.authentication.www.BasicAuthenticationFilter@805b8d3, org.springframework.security.web.savedrequest.RequestCacheAwareFilter@596eed10, org.springframework.security.web.servletapi.SecurityContextHolderAwareRequestFilter@551f44da, org.springframework.security.web.authentication.AnonymousAuthenticationFilter@5cecb9e, org.springframework.security.web.session.SessionManagementFilter@47354ce5, org.springframework.security.web.access.ExceptionTranslationFilter@46cf7524, org.springframework.security.web.access.intercept.FilterSecurityInterceptor@65d079d3]
2023-01-30 20:15:42.215  INFO 75172 --- [    Test worker] o.s.b.t.m.w.SpringBootMockServletContext : Initializing Spring TestDispatcherServlet ''
2023-01-30 20:15:42.216  INFO 75172 --- [    Test worker] o.s.t.web.servlet.TestDispatcherServlet  : Initializing Servlet ''
2023-01-30 20:15:42.260  INFO 75172 --- [    Test worker] o.s.t.web.servlet.TestDispatcherServlet  : Completed initialization in 44 ms
2023-01-30 20:15:42.348  INFO 75172 --- [    Test worker] c.c.s.S.web.HelloControllerTest          : Started HelloControllerTest in 3.462 seconds (JVM running for 36.559)
]]></system-out>
  <system-err><![CDATA[]]></system-err>
</testsuite>
