<?xml version="1.0" encoding="UTF-8"?>
<testsuite name="com.cotato.study.SpringnAWS.web.PostsApiControllerTest" tests="2" skipped="0" failures="0" errors="0" timestamp="2023-01-24T06:06:02" hostname="DESKTOP-JT0OJH6" time="0.104">
  <properties/>
  <testcase name="Posts_등록된다" classname="com.cotato.study.SpringnAWS.web.PostsApiControllerTest" time="0.074"/>
  <testcase name="Posts_수정된다" classname="com.cotato.study.SpringnAWS.web.PostsApiControllerTest" time="0.03"/>
  <system-out><![CDATA[2023-01-24 15:06:02.081  INFO 44532 --- [    Test worker] .b.t.c.SpringBootTestContextBootstrapper : Neither @ContextConfiguration nor @ContextHierarchy found for test class [com.cotato.study.SpringnAWS.web.PostsApiControllerTest], using SpringBootContextLoader
2023-01-24 15:06:02.082  INFO 44532 --- [    Test worker] o.s.t.c.support.AbstractContextLoader    : Could not detect default resource locations for test class [com.cotato.study.SpringnAWS.web.PostsApiControllerTest]: no resource found for suffixes {-context.xml, Context.groovy}.
2023-01-24 15:06:02.082  INFO 44532 --- [    Test worker] t.c.s.AnnotationConfigContextLoaderUtils : Could not detect default configuration classes for test class [com.cotato.study.SpringnAWS.web.PostsApiControllerTest]: PostsApiControllerTest does not declare any static, non-private, non-final, nested classes annotated with @Configuration.
2023-01-24 15:06:02.084  INFO 44532 --- [    Test worker] .b.t.c.SpringBootTestContextBootstrapper : Found @SpringBootConfiguration com.cotato.study.SpringnAWS.Application for test class com.cotato.study.SpringnAWS.web.PostsApiControllerTest
2023-01-24 15:06:02.086  INFO 44532 --- [    Test worker] .b.t.c.SpringBootTestContextBootstrapper : Loaded default TestExecutionListener class names from location [META-INF/spring.factories]: [org.springframework.security.test.context.support.WithSecurityContextTestExecutionListener, org.springframework.security.test.context.support.ReactorContextTestExecutionListener, org.springframework.boot.test.autoconfigure.restdocs.RestDocsTestExecutionListener, org.springframework.boot.test.autoconfigure.web.client.MockRestServiceServerResetTestExecutionListener, org.springframework.boot.test.autoconfigure.web.servlet.MockMvcPrintOnlyOnFailureTestExecutionListener, org.springframework.boot.test.autoconfigure.web.servlet.WebDriverTestExecutionListener, org.springframework.boot.test.mock.mockito.MockitoTestExecutionListener, org.springframework.boot.test.mock.mockito.ResetMocksTestExecutionListener, org.springframework.test.context.web.ServletTestExecutionListener, org.springframework.test.context.support.DirtiesContextBeforeModesTestExecutionListener, org.springframework.test.context.support.DependencyInjectionTestExecutionListener, org.springframework.test.context.support.DirtiesContextTestExecutionListener, org.springframework.test.context.transaction.TransactionalTestExecutionListener, org.springframework.test.context.jdbc.SqlScriptsTestExecutionListener]
2023-01-24 15:06:02.087  INFO 44532 --- [    Test worker] .b.t.c.SpringBootTestContextBootstrapper : Using TestExecutionListeners: [org.springframework.test.context.web.ServletTestExecutionListener@27ba398d, org.springframework.test.context.support.DirtiesContextBeforeModesTestExecutionListener@15eed7a0, org.springframework.boot.test.mock.mockito.MockitoTestExecutionListener@1d308638, org.springframework.boot.test.autoconfigure.SpringBootDependencyInjectionTestExecutionListener@6781364b, org.springframework.test.context.support.DirtiesContextTestExecutionListener@11811d67, org.springframework.test.context.transaction.TransactionalTestExecutionListener@72319b20, org.springframework.test.context.jdbc.SqlScriptsTestExecutionListener@6ba9c218, org.springframework.security.test.context.support.WithSecurityContextTestExecutionListener@5f49248, org.springframework.security.test.context.support.ReactorContextTestExecutionListener@1c87ddb4, org.springframework.boot.test.autoconfigure.restdocs.RestDocsTestExecutionListener@6211ad9f, org.springframework.boot.test.autoconfigure.web.client.MockRestServiceServerResetTestExecutionListener@478d1ac7, org.springframework.boot.test.autoconfigure.web.servlet.MockMvcPrintOnlyOnFailureTestExecutionListener@664aa6ac, org.springframework.boot.test.autoconfigure.web.servlet.WebDriverTestExecutionListener@4402adac, org.springframework.boot.test.mock.mockito.ResetMocksTestExecutionListener@2b909de6]
2023-01-24 15:06:02.096  INFO 44532 --- [    Test worker] o.a.c.c.C.[Tomcat].[localhost].[/]       : Initializing Spring TestDispatcherServlet ''
2023-01-24 15:06:02.096  INFO 44532 --- [    Test worker] o.s.t.web.servlet.TestDispatcherServlet  : Initializing Servlet ''
2023-01-24 15:06:02.098  INFO 44532 --- [    Test worker] o.s.t.web.servlet.TestDispatcherServlet  : Completed initialization in 2 ms
Hibernate: insert into posts (created_date, modified_date, author, content, title) values (?, ?, ?, ?, ?)
Hibernate: select posts0_.id as id1_0_, posts0_.created_date as created_2_0_, posts0_.modified_date as modified3_0_, posts0_.author as author4_0_, posts0_.content as content5_0_, posts0_.title as title6_0_ from posts posts0_
Hibernate: select posts0_.id as id1_0_, posts0_.created_date as created_2_0_, posts0_.modified_date as modified3_0_, posts0_.author as author4_0_, posts0_.content as content5_0_, posts0_.title as title6_0_ from posts posts0_
Hibernate: delete from posts where id=?
2023-01-24 15:06:02.167  INFO 44532 --- [    Test worker] o.a.c.c.C.[Tomcat].[localhost].[/]       : Initializing Spring TestDispatcherServlet ''
2023-01-24 15:06:02.167  INFO 44532 --- [    Test worker] o.s.t.web.servlet.TestDispatcherServlet  : Initializing Servlet ''
2023-01-24 15:06:02.169  INFO 44532 --- [    Test worker] o.s.t.web.servlet.TestDispatcherServlet  : Completed initialization in 2 ms
Hibernate: insert into posts (created_date, modified_date, author, content, title) values (?, ?, ?, ?, ?)
Hibernate: select posts0_.id as id1_0_0_, posts0_.created_date as created_2_0_0_, posts0_.modified_date as modified3_0_0_, posts0_.author as author4_0_0_, posts0_.content as content5_0_0_, posts0_.title as title6_0_0_ from posts posts0_ where posts0_.id=?
Hibernate: update posts set created_date=?, modified_date=?, author=?, content=?, title=? where id=?
Hibernate: select posts0_.id as id1_0_, posts0_.created_date as created_2_0_, posts0_.modified_date as modified3_0_, posts0_.author as author4_0_, posts0_.content as content5_0_, posts0_.title as title6_0_ from posts posts0_
Hibernate: select posts0_.id as id1_0_, posts0_.created_date as created_2_0_, posts0_.modified_date as modified3_0_, posts0_.author as author4_0_, posts0_.content as content5_0_, posts0_.title as title6_0_ from posts posts0_
Hibernate: delete from posts where id=?
]]></system-out>
  <system-err><![CDATA[]]></system-err>
</testsuite>
