<?xml version="1.0" encoding="UTF-8"?>
<testsuite name="com.cotato.study.SpringnAWS.domain.posts.PostsRepositoryTest" tests="2" skipped="0" failures="0" errors="0" timestamp="2023-01-30T11:15:37" hostname="DESKTOP-JT0OJH6" time="1.065">
  <properties/>
  <testcase name="게시글저장_불러오기" classname="com.cotato.study.SpringnAWS.domain.posts.PostsRepositoryTest" time="1.037"/>
  <testcase name="BaseTimeEntity_등록" classname="com.cotato.study.SpringnAWS.domain.posts.PostsRepositoryTest" time="0.027"/>
  <system-out><![CDATA[20:15:13.472 [Test worker] DEBUG org.springframework.test.context.junit4.SpringJUnit4ClassRunner - SpringJUnit4ClassRunner constructor called with [class com.cotato.study.SpringnAWS.domain.posts.PostsRepositoryTest]
20:15:13.496 [Test worker] DEBUG org.springframework.test.context.BootstrapUtils - Instantiating CacheAwareContextLoaderDelegate from class [org.springframework.test.context.cache.DefaultCacheAwareContextLoaderDelegate]
20:15:13.532 [Test worker] DEBUG org.springframework.test.context.BootstrapUtils - Instantiating BootstrapContext using constructor [public org.springframework.test.context.support.DefaultBootstrapContext(java.lang.Class,org.springframework.test.context.CacheAwareContextLoaderDelegate)]
20:15:13.585 [Test worker] DEBUG org.springframework.test.context.BootstrapUtils - Instantiating TestContextBootstrapper for test class [com.cotato.study.SpringnAWS.domain.posts.PostsRepositoryTest] from class [org.springframework.boot.test.context.SpringBootTestContextBootstrapper]
20:15:13.634 [Test worker] INFO org.springframework.boot.test.context.SpringBootTestContextBootstrapper - Neither @ContextConfiguration nor @ContextHierarchy found for test class [com.cotato.study.SpringnAWS.domain.posts.PostsRepositoryTest], using SpringBootContextLoader
20:15:13.647 [Test worker] DEBUG org.springframework.test.context.support.AbstractContextLoader - Did not detect default resource location for test class [com.cotato.study.SpringnAWS.domain.posts.PostsRepositoryTest]: class path resource [com/cotato/study/SpringnAWS/domain/posts/PostsRepositoryTest-context.xml] does not exist
20:15:13.648 [Test worker] DEBUG org.springframework.test.context.support.AbstractContextLoader - Did not detect default resource location for test class [com.cotato.study.SpringnAWS.domain.posts.PostsRepositoryTest]: class path resource [com/cotato/study/SpringnAWS/domain/posts/PostsRepositoryTestContext.groovy] does not exist
20:15:13.648 [Test worker] INFO org.springframework.test.context.support.AbstractContextLoader - Could not detect default resource locations for test class [com.cotato.study.SpringnAWS.domain.posts.PostsRepositoryTest]: no resource found for suffixes {-context.xml, Context.groovy}.
20:15:13.650 [Test worker] INFO org.springframework.test.context.support.AnnotationConfigContextLoaderUtils - Could not detect default configuration classes for test class [com.cotato.study.SpringnAWS.domain.posts.PostsRepositoryTest]: PostsRepositoryTest does not declare any static, non-private, non-final, nested classes annotated with @Configuration.
20:15:13.803 [Test worker] DEBUG org.springframework.test.context.support.ActiveProfilesUtils - Could not find an 'annotation declaring class' for annotation type [org.springframework.test.context.ActiveProfiles] and class [com.cotato.study.SpringnAWS.domain.posts.PostsRepositoryTest]
20:15:14.162 [Test worker] DEBUG org.springframework.context.annotation.ClassPathScanningCandidateComponentProvider - Identified candidate component class: file [C:\Users\skap0\Desktop\CE\java\SpringBootnAWS\cotato\cotato\build\classes\java\main\com\cotato\study\SpringnAWS\Application.class]
20:15:14.164 [Test worker] INFO org.springframework.boot.test.context.SpringBootTestContextBootstrapper - Found @SpringBootConfiguration com.cotato.study.SpringnAWS.Application for test class com.cotato.study.SpringnAWS.domain.posts.PostsRepositoryTest
20:15:14.571 [Test worker] DEBUG org.springframework.boot.test.context.SpringBootTestContextBootstrapper - @TestExecutionListeners is not present for class [com.cotato.study.SpringnAWS.domain.posts.PostsRepositoryTest]: using defaults.
20:15:14.572 [Test worker] INFO org.springframework.boot.test.context.SpringBootTestContextBootstrapper - Loaded default TestExecutionListener class names from location [META-INF/spring.factories]: [org.springframework.security.test.context.support.WithSecurityContextTestExecutionListener, org.springframework.security.test.context.support.ReactorContextTestExecutionListener, org.springframework.boot.test.autoconfigure.restdocs.RestDocsTestExecutionListener, org.springframework.boot.test.autoconfigure.web.client.MockRestServiceServerResetTestExecutionListener, org.springframework.boot.test.autoconfigure.web.servlet.MockMvcPrintOnlyOnFailureTestExecutionListener, org.springframework.boot.test.autoconfigure.web.servlet.WebDriverTestExecutionListener, org.springframework.boot.test.mock.mockito.MockitoTestExecutionListener, org.springframework.boot.test.mock.mockito.ResetMocksTestExecutionListener, org.springframework.test.context.web.ServletTestExecutionListener, org.springframework.test.context.support.DirtiesContextBeforeModesTestExecutionListener, org.springframework.test.context.support.DependencyInjectionTestExecutionListener, org.springframework.test.context.support.DirtiesContextTestExecutionListener, org.springframework.test.context.transaction.TransactionalTestExecutionListener, org.springframework.test.context.jdbc.SqlScriptsTestExecutionListener]
20:15:14.654 [Test worker] INFO org.springframework.boot.test.context.SpringBootTestContextBootstrapper - Using TestExecutionListeners: [org.springframework.test.context.web.ServletTestExecutionListener@793793d2, org.springframework.test.context.support.DirtiesContextBeforeModesTestExecutionListener@399fc6b4, org.springframework.boot.test.mock.mockito.MockitoTestExecutionListener@1e05f336, org.springframework.boot.test.autoconfigure.SpringBootDependencyInjectionTestExecutionListener@68bbcdbb, org.springframework.test.context.support.DirtiesContextTestExecutionListener@2dd76a7d, org.springframework.test.context.transaction.TransactionalTestExecutionListener@6abab315, org.springframework.test.context.jdbc.SqlScriptsTestExecutionListener@5b976137, org.springframework.security.test.context.support.WithSecurityContextTestExecutionListener@6df7b9eb, org.springframework.security.test.context.support.ReactorContextTestExecutionListener@7b65b2aa, org.springframework.boot.test.autoconfigure.restdocs.RestDocsTestExecutionListener@44f884c8, org.springframework.boot.test.autoconfigure.web.client.MockRestServiceServerResetTestExecutionListener@2406dbb9, org.springframework.boot.test.autoconfigure.web.servlet.MockMvcPrintOnlyOnFailureTestExecutionListener@74ee1633, org.springframework.boot.test.autoconfigure.web.servlet.WebDriverTestExecutionListener@22480ae6, org.springframework.boot.test.mock.mockito.ResetMocksTestExecutionListener@229614a3]
20:15:14.662 [Test worker] DEBUG org.springframework.test.annotation.ProfileValueUtils - Retrieved @ProfileValueSourceConfiguration [null] for test class [com.cotato.study.SpringnAWS.domain.posts.PostsRepositoryTest]
20:15:14.663 [Test worker] DEBUG org.springframework.test.annotation.ProfileValueUtils - Retrieved ProfileValueSource type [class org.springframework.test.annotation.SystemProfileValueSource] for class [com.cotato.study.SpringnAWS.domain.posts.PostsRepositoryTest]
20:15:14.666 [Test worker] DEBUG org.springframework.test.annotation.ProfileValueUtils - Retrieved @ProfileValueSourceConfiguration [null] for test class [com.cotato.study.SpringnAWS.domain.posts.PostsRepositoryTest]
20:15:14.666 [Test worker] DEBUG org.springframework.test.annotation.ProfileValueUtils - Retrieved ProfileValueSource type [class org.springframework.test.annotation.SystemProfileValueSource] for class [com.cotato.study.SpringnAWS.domain.posts.PostsRepositoryTest]
20:15:14.681 [Test worker] DEBUG org.springframework.test.context.support.AbstractDirtiesContextTestExecutionListener - Before test class: context [DefaultTestContext@51dfeeaf testClass = PostsRepositoryTest, testInstance = [null], testMethod = [null], testException = [null], mergedContextConfiguration = [WebMergedContextConfiguration@70677070 testClass = PostsRepositoryTest, locations = '{}', classes = '{class com.cotato.study.SpringnAWS.Application}', contextInitializerClasses = '[]', activeProfiles = '{}', propertySourceLocations = '{}', propertySourceProperties = '{org.springframework.boot.test.context.SpringBootTestContextBootstrapper=true}', contextCustomizers = set[org.springframework.boot.test.autoconfigure.properties.PropertyMappingContextCustomizer@0, org.springframework.boot.test.autoconfigure.web.servlet.WebDriverContextCustomizerFactory$Customizer@73faeb61, org.springframework.boot.test.context.filter.ExcludeFilterContextCustomizer@438809e4, org.springframework.boot.test.json.DuplicateJsonObjectContextCustomizerFactory$DuplicateJsonObjectContextCustomizer@507eca5, org.springframework.boot.test.mock.mockito.MockitoContextCustomizer@0, org.springframework.boot.test.web.client.TestRestTemplateContextCustomizer@4cadfea5], resourceBasePath = 'src/main/webapp', contextLoader = 'org.springframework.boot.test.context.SpringBootContextLoader', parent = [null]], attributes = map['org.springframework.test.context.web.ServletTestExecutionListener.activateListener' -> true]], class annotated with @DirtiesContext [false] with mode [null].
20:15:14.683 [Test worker] DEBUG org.springframework.test.annotation.ProfileValueUtils - Retrieved @ProfileValueSourceConfiguration [null] for test class [com.cotato.study.SpringnAWS.domain.posts.PostsRepositoryTest]
20:15:14.684 [Test worker] DEBUG org.springframework.test.annotation.ProfileValueUtils - Retrieved ProfileValueSource type [class org.springframework.test.annotation.SystemProfileValueSource] for class [com.cotato.study.SpringnAWS.domain.posts.PostsRepositoryTest]
20:15:14.749 [Test worker] DEBUG org.springframework.test.context.support.TestPropertySourceUtils - Adding inlined properties to environment: {spring.jmx.enabled=false, org.springframework.boot.test.context.SpringBootTestContextBootstrapper=true, server.port=-1}

  .   ____          _            __ _ _
 /\\ / ___'_ __ _ _(_)_ __  __ _ \ \ \ \
( ( )\___ | '_ | '_| | '_ \/ _` | \ \ \ \
 \\/  ___)| |_)| | | | | || (_| |  ) ) ) )
  '  |____| .__|_| |_|_| |_\__, | / / / /
 =========|_|==============|___/=/_/_/_/
 :: Spring Boot ::        (v2.1.7.RELEASE)

2023-01-30 20:15:15.655  INFO 75172 --- [    Test worker] c.c.s.S.d.posts.PostsRepositoryTest      : Starting PostsRepositoryTest on DESKTOP-JT0OJH6 with PID 75172 (started by skap0 in C:\Users\skap0\Desktop\CE\java\SpringBootnAWS\cotato\cotato)
2023-01-30 20:15:15.664  INFO 75172 --- [    Test worker] c.c.s.S.d.posts.PostsRepositoryTest      : No active profile set, falling back to default profiles: default
2023-01-30 20:15:18.973  INFO 75172 --- [    Test worker] .s.d.r.c.RepositoryConfigurationDelegate : Bootstrapping Spring Data repositories in DEFAULT mode.
2023-01-30 20:15:19.258  INFO 75172 --- [    Test worker] .s.d.r.c.RepositoryConfigurationDelegate : Finished Spring Data repository scanning in 253ms. Found 2 repository interfaces.
2023-01-30 20:15:21.347  INFO 75172 --- [    Test worker] trationDelegate$BeanPostProcessorChecker : Bean 'org.springframework.transaction.annotation.ProxyTransactionManagementConfiguration' of type [org.springframework.transaction.annotation.ProxyTransactionManagementConfiguration$$EnhancerBySpringCGLIB$$93a9b3b3] is not eligible for getting processed by all BeanPostProcessors (for example: not eligible for auto-proxying)
2023-01-30 20:15:22.142  INFO 75172 --- [    Test worker] com.zaxxer.hikari.HikariDataSource       : HikariPool-1 - Starting...
2023-01-30 20:15:22.651  INFO 75172 --- [    Test worker] com.zaxxer.hikari.HikariDataSource       : HikariPool-1 - Start completed.
2023-01-30 20:15:22.939  INFO 75172 --- [    Test worker] o.hibernate.jpa.internal.util.LogHelper  : HHH000204: Processing PersistenceUnitInfo [
	name: default
	...]
2023-01-30 20:15:23.293  INFO 75172 --- [    Test worker] org.hibernate.Version                    : HHH000412: Hibernate Core {5.3.10.Final}
2023-01-30 20:15:23.298  INFO 75172 --- [    Test worker] org.hibernate.cfg.Environment            : HHH000206: hibernate.properties not found
2023-01-30 20:15:23.883  INFO 75172 --- [    Test worker] o.hibernate.annotations.common.Version   : HCANN000001: Hibernate Commons Annotations {5.0.4.Final}
2023-01-30 20:15:24.497  INFO 75172 --- [    Test worker] org.hibernate.dialect.Dialect            : HHH000400: Using dialect: org.hibernate.dialect.MySQL57Dialect
Hibernate: drop table if exists posts
Hibernate: drop table if exists user
Hibernate: create table posts (id bigint not null auto_increment, created_date datetime(6), modified_date datetime(6), author varchar(255), content TEXT not null, title varchar(500) not null, primary key (id)) engine=InnoDB
Hibernate: create table user (id bigint not null auto_increment, created_date datetime(6), modified_date datetime(6), email varchar(255) not null, name varchar(255) not null, picture varchar(255), role varchar(255) not null, primary key (id)) engine=InnoDB
2023-01-30 20:15:26.804  INFO 75172 --- [    Test worker] o.h.t.schema.internal.SchemaCreatorImpl  : HHH000476: Executing import script 'org.hibernate.tool.schema.internal.exec.ScriptSourceInputNonExistentImpl@7f40e117'
2023-01-30 20:15:26.815  INFO 75172 --- [    Test worker] j.LocalContainerEntityManagerFactoryBean : Initialized JPA EntityManagerFactory for persistence unit 'default'
2023-01-30 20:15:29.794  INFO 75172 --- [    Test worker] o.h.h.i.QueryTranslatorFactoryInitiator  : HHH000397: Using ASTQueryTranslatorFactory
2023-01-30 20:15:32.066  INFO 75172 --- [    Test worker] o.s.s.web.DefaultSecurityFilterChain     : Creating filter chain: any request, [org.springframework.security.web.context.request.async.WebAsyncManagerIntegrationFilter@489e448b, org.springframework.security.web.context.SecurityContextPersistenceFilter@58c27214, org.springframework.security.web.header.HeaderWriterFilter@128dfd66, org.springframework.security.web.authentication.logout.LogoutFilter@1ac4b168, org.springframework.security.oauth2.client.web.OAuth2AuthorizationRequestRedirectFilter@208b7e89, org.springframework.security.oauth2.client.web.OAuth2LoginAuthenticationFilter@16abff5e, org.springframework.security.web.authentication.ui.DefaultLoginPageGeneratingFilter@32f3cfd6, org.springframework.security.web.authentication.ui.DefaultLogoutPageGeneratingFilter@4fc71972, org.springframework.security.web.savedrequest.RequestCacheAwareFilter@4bf28239, org.springframework.security.web.servletapi.SecurityContextHolderAwareRequestFilter@646b1456, org.springframework.security.web.authentication.AnonymousAuthenticationFilter@6d43b9d8, org.springframework.security.web.session.SessionManagementFilter@6c3447f0, org.springframework.security.web.access.ExceptionTranslationFilter@7c376eef, org.springframework.security.web.access.intercept.FilterSecurityInterceptor@8f508f]
2023-01-30 20:15:35.226  INFO 75172 --- [    Test worker] o.s.s.concurrent.ThreadPoolTaskExecutor  : Initializing ExecutorService 'applicationTaskExecutor'
2023-01-30 20:15:35.427  WARN 75172 --- [    Test worker] aWebConfiguration$JpaWebMvcConfiguration : spring.jpa.open-in-view is enabled by default. Therefore, database queries may be performed during view rendering. Explicitly configure spring.jpa.open-in-view to disable this warning
2023-01-30 20:15:35.620  INFO 75172 --- [    Test worker] o.s.b.a.w.s.WelcomePageHandlerMapping    : Adding welcome page template: index
2023-01-30 20:15:37.581  INFO 75172 --- [    Test worker] s.a.ScheduledAnnotationBeanPostProcessor : No TaskScheduler/ScheduledExecutorService bean found for scheduled processing
2023-01-30 20:15:37.629  INFO 75172 --- [    Test worker] c.c.s.S.d.posts.PostsRepositoryTest      : Started PostsRepositoryTest in 22.849 seconds (JVM running for 31.84)
Hibernate: insert into posts (created_date, modified_date, author, content, title) values (?, ?, ?, ?, ?)
Hibernate: select posts0_.id as id1_0_, posts0_.created_date as created_2_0_, posts0_.modified_date as modified3_0_, posts0_.author as author4_0_, posts0_.content as content5_0_, posts0_.title as title6_0_ from posts posts0_
Hibernate: select posts0_.id as id1_0_, posts0_.created_date as created_2_0_, posts0_.modified_date as modified3_0_, posts0_.author as author4_0_, posts0_.content as content5_0_, posts0_.title as title6_0_ from posts posts0_
Hibernate: delete from posts where id=?
Hibernate: insert into posts (created_date, modified_date, author, content, title) values (?, ?, ?, ?, ?)
Hibernate: select posts0_.id as id1_0_, posts0_.created_date as created_2_0_, posts0_.modified_date as modified3_0_, posts0_.author as author4_0_, posts0_.content as content5_0_, posts0_.title as title6_0_ from posts posts0_
>>>>>>> CreatedDate=2023-01-30T20:15:38.752, modifiedDate=2023-01-30T20:15:38.752
Hibernate: select posts0_.id as id1_0_, posts0_.created_date as created_2_0_, posts0_.modified_date as modified3_0_, posts0_.author as author4_0_, posts0_.content as content5_0_, posts0_.title as title6_0_ from posts posts0_
Hibernate: delete from posts where id=?
]]></system-out>
  <system-err><![CDATA[]]></system-err>
</testsuite>
