<?xml version="1.0" encoding="UTF-8"?>
<testsuite name="com.cotato.study.SpringnAWS.web.HelloControllerTest" tests="2" skipped="0" failures="0" errors="0" timestamp="2023-01-24T06:05:53" hostname="DESKTOP-JT0OJH6" time="0.567">
  <properties/>
  <testcase name="hello가_리턴된다" classname="com.cotato.study.SpringnAWS.web.HelloControllerTest" time="0.445"/>
  <testcase name="helloDto가_리턴된다" classname="com.cotato.study.SpringnAWS.web.HelloControllerTest" time="0.121"/>
  <system-out><![CDATA[15:05:49.926 [Test worker] DEBUG org.springframework.test.context.junit4.SpringJUnit4ClassRunner - SpringJUnit4ClassRunner constructor called with [class com.cotato.study.SpringnAWS.web.HelloControllerTest]
15:05:49.935 [Test worker] DEBUG org.springframework.test.context.BootstrapUtils - Instantiating CacheAwareContextLoaderDelegate from class [org.springframework.test.context.cache.DefaultCacheAwareContextLoaderDelegate]
15:05:49.945 [Test worker] DEBUG org.springframework.test.context.BootstrapUtils - Instantiating BootstrapContext using constructor [public org.springframework.test.context.support.DefaultBootstrapContext(java.lang.Class,org.springframework.test.context.CacheAwareContextLoaderDelegate)]
15:05:49.965 [Test worker] DEBUG org.springframework.test.context.BootstrapUtils - Instantiating TestContextBootstrapper for test class [com.cotato.study.SpringnAWS.web.HelloControllerTest] from class [org.springframework.boot.test.autoconfigure.web.servlet.WebMvcTestContextBootstrapper]
15:05:49.988 [Test worker] INFO org.springframework.boot.test.autoconfigure.web.servlet.WebMvcTestContextBootstrapper - Neither @ContextConfiguration nor @ContextHierarchy found for test class [com.cotato.study.SpringnAWS.web.HelloControllerTest], using SpringBootContextLoader
15:05:49.991 [Test worker] DEBUG org.springframework.test.context.support.AbstractContextLoader - Did not detect default resource location for test class [com.cotato.study.SpringnAWS.web.HelloControllerTest]: class path resource [com/cotato/study/SpringnAWS/web/HelloControllerTest-context.xml] does not exist
15:05:49.992 [Test worker] DEBUG org.springframework.test.context.support.AbstractContextLoader - Did not detect default resource location for test class [com.cotato.study.SpringnAWS.web.HelloControllerTest]: class path resource [com/cotato/study/SpringnAWS/web/HelloControllerTestContext.groovy] does not exist
15:05:49.992 [Test worker] INFO org.springframework.test.context.support.AbstractContextLoader - Could not detect default resource locations for test class [com.cotato.study.SpringnAWS.web.HelloControllerTest]: no resource found for suffixes {-context.xml, Context.groovy}.
15:05:49.993 [Test worker] INFO org.springframework.test.context.support.AnnotationConfigContextLoaderUtils - Could not detect default configuration classes for test class [com.cotato.study.SpringnAWS.web.HelloControllerTest]: HelloControllerTest does not declare any static, non-private, non-final, nested classes annotated with @Configuration.
15:05:50.070 [Test worker] DEBUG org.springframework.test.context.support.ActiveProfilesUtils - Could not find an 'annotation declaring class' for annotation type [org.springframework.test.context.ActiveProfiles] and class [com.cotato.study.SpringnAWS.web.HelloControllerTest]
15:05:50.165 [Test worker] DEBUG org.springframework.context.annotation.ClassPathScanningCandidateComponentProvider - Identified candidate component class: file [C:\Users\skap0\Desktop\CE\java\SpringBootnAWS\cotato\cotato\build\classes\java\main\com\cotato\study\SpringnAWS\Application.class]
15:05:50.166 [Test worker] INFO org.springframework.boot.test.context.SpringBootTestContextBootstrapper - Found @SpringBootConfiguration com.cotato.study.SpringnAWS.Application for test class com.cotato.study.SpringnAWS.web.HelloControllerTest
15:05:50.168 [Test worker] DEBUG org.springframework.boot.test.autoconfigure.web.servlet.WebMvcTestContextBootstrapper - @TestExecutionListeners is not present for class [com.cotato.study.SpringnAWS.web.HelloControllerTest]: using defaults.
15:05:50.168 [Test worker] INFO org.springframework.boot.test.autoconfigure.web.servlet.WebMvcTestContextBootstrapper - Loaded default TestExecutionListener class names from location [META-INF/spring.factories]: [org.springframework.security.test.context.support.WithSecurityContextTestExecutionListener, org.springframework.security.test.context.support.ReactorContextTestExecutionListener, org.springframework.boot.test.autoconfigure.restdocs.RestDocsTestExecutionListener, org.springframework.boot.test.autoconfigure.web.client.MockRestServiceServerResetTestExecutionListener, org.springframework.boot.test.autoconfigure.web.servlet.MockMvcPrintOnlyOnFailureTestExecutionListener, org.springframework.boot.test.autoconfigure.web.servlet.WebDriverTestExecutionListener, org.springframework.boot.test.mock.mockito.MockitoTestExecutionListener, org.springframework.boot.test.mock.mockito.ResetMocksTestExecutionListener, org.springframework.test.context.web.ServletTestExecutionListener, org.springframework.test.context.support.DirtiesContextBeforeModesTestExecutionListener, org.springframework.test.context.support.DependencyInjectionTestExecutionListener, org.springframework.test.context.support.DirtiesContextTestExecutionListener, org.springframework.test.context.transaction.TransactionalTestExecutionListener, org.springframework.test.context.jdbc.SqlScriptsTestExecutionListener]
15:05:50.193 [Test worker] INFO org.springframework.boot.test.autoconfigure.web.servlet.WebMvcTestContextBootstrapper - Using TestExecutionListeners: [org.springframework.test.context.web.ServletTestExecutionListener@488b3a70, org.springframework.test.context.support.DirtiesContextBeforeModesTestExecutionListener@383e56c3, org.springframework.boot.test.mock.mockito.MockitoTestExecutionListener@404986f0, org.springframework.boot.test.autoconfigure.SpringBootDependencyInjectionTestExecutionListener@4474c944, org.springframework.test.context.support.DirtiesContextTestExecutionListener@55bd3300, org.springframework.test.context.transaction.TransactionalTestExecutionListener@1f7fff3a, org.springframework.test.context.jdbc.SqlScriptsTestExecutionListener@130d8423, org.springframework.security.test.context.support.WithSecurityContextTestExecutionListener@715151ef, org.springframework.security.test.context.support.ReactorContextTestExecutionListener@4dc849f6, org.springframework.boot.test.autoconfigure.restdocs.RestDocsTestExecutionListener@2daef95a, org.springframework.boot.test.autoconfigure.web.client.MockRestServiceServerResetTestExecutionListener@52fd4c50, org.springframework.boot.test.autoconfigure.web.servlet.MockMvcPrintOnlyOnFailureTestExecutionListener@29d8b1c9, org.springframework.boot.test.autoconfigure.web.servlet.WebDriverTestExecutionListener@26d0dafd, org.springframework.boot.test.mock.mockito.ResetMocksTestExecutionListener@7cee9354]
15:05:50.196 [Test worker] DEBUG org.springframework.test.annotation.ProfileValueUtils - Retrieved @ProfileValueSourceConfiguration [null] for test class [com.cotato.study.SpringnAWS.web.HelloControllerTest]
15:05:50.197 [Test worker] DEBUG org.springframework.test.annotation.ProfileValueUtils - Retrieved ProfileValueSource type [class org.springframework.test.annotation.SystemProfileValueSource] for class [com.cotato.study.SpringnAWS.web.HelloControllerTest]
15:05:50.198 [Test worker] DEBUG org.springframework.test.annotation.ProfileValueUtils - Retrieved @ProfileValueSourceConfiguration [null] for test class [com.cotato.study.SpringnAWS.web.HelloControllerTest]
15:05:50.198 [Test worker] DEBUG org.springframework.test.annotation.ProfileValueUtils - Retrieved ProfileValueSource type [class org.springframework.test.annotation.SystemProfileValueSource] for class [com.cotato.study.SpringnAWS.web.HelloControllerTest]
15:05:50.208 [Test worker] DEBUG org.springframework.test.context.support.AbstractDirtiesContextTestExecutionListener - Before test class: context [DefaultTestContext@43e8eda2 testClass = HelloControllerTest, testInstance = [null], testMethod = [null], testException = [null], mergedContextConfiguration = [WebMergedContextConfiguration@aeac39f testClass = HelloControllerTest, locations = '{}', classes = '{class com.cotato.study.SpringnAWS.Application}', contextInitializerClasses = '[]', activeProfiles = '{}', propertySourceLocations = '{}', propertySourceProperties = '{org.springframework.boot.test.autoconfigure.web.servlet.WebMvcTestContextBootstrapper=true}', contextCustomizers = set[org.springframework.boot.test.autoconfigure.OverrideAutoConfigurationContextCustomizerFactory$DisableAutoConfigurationContextCustomizer@7cf098db, org.springframework.boot.test.autoconfigure.filter.TypeExcludeFiltersContextCustomizer@611b78ca, org.springframework.boot.test.autoconfigure.properties.PropertyMappingContextCustomizer@a891b59e, org.springframework.boot.test.autoconfigure.web.servlet.WebDriverContextCustomizerFactory$Customizer@6c9f67b, [ImportsContextCustomizer@3999c77e key = [org.springframework.boot.autoconfigure.cache.CacheAutoConfiguration, org.springframework.boot.autoconfigure.context.MessageSourceAutoConfiguration, org.springframework.boot.autoconfigure.data.web.SpringDataWebAutoConfiguration, org.springframework.boot.autoconfigure.freemarker.FreeMarkerAutoConfiguration, org.springframework.boot.autoconfigure.groovy.template.GroovyTemplateAutoConfiguration, org.springframework.boot.autoconfigure.gson.GsonAutoConfiguration, org.springframework.boot.autoconfigure.hateoas.HypermediaAutoConfiguration, org.springframework.boot.autoconfigure.http.HttpMessageConvertersAutoConfiguration, org.springframework.boot.autoconfigure.jackson.JacksonAutoConfiguration, org.springframework.boot.autoconfigure.jsonb.JsonbAutoConfiguration, org.springframework.boot.autoconfigure.mustache.MustacheAutoConfiguration, org.springframework.boot.autoconfigure.task.TaskExecutionAutoConfiguration, org.springframework.boot.autoconfigure.thymeleaf.ThymeleafAutoConfiguration, org.springframework.boot.autoconfigure.validation.ValidationAutoConfiguration, org.springframework.boot.autoconfigure.web.servlet.error.ErrorMvcAutoConfiguration, org.springframework.boot.autoconfigure.web.servlet.WebMvcAutoConfiguration, org.springframework.boot.test.autoconfigure.web.servlet.MockMvcAutoConfiguration, org.springframework.boot.test.autoconfigure.web.servlet.MockMvcSecurityAutoConfiguration, org.springframework.boot.test.autoconfigure.web.servlet.MockMvcWebClientAutoConfiguration, org.springframework.boot.test.autoconfigure.web.servlet.MockMvcWebDriverAutoConfiguration]], org.springframework.boot.test.context.filter.ExcludeFilterContextCustomizer@1008d75b, org.springframework.boot.test.json.DuplicateJsonObjectContextCustomizerFactory$DuplicateJsonObjectContextCustomizer@21b06bc4, org.springframework.boot.test.mock.mockito.MockitoContextCustomizer@0], resourceBasePath = 'src/main/webapp', contextLoader = 'org.springframework.boot.test.context.SpringBootContextLoader', parent = [null]], attributes = map[[empty]]], class annotated with @DirtiesContext [false] with mode [null].
15:05:50.209 [Test worker] DEBUG org.springframework.test.annotation.ProfileValueUtils - Retrieved @ProfileValueSourceConfiguration [null] for test class [com.cotato.study.SpringnAWS.web.HelloControllerTest]
15:05:50.210 [Test worker] DEBUG org.springframework.test.annotation.ProfileValueUtils - Retrieved ProfileValueSource type [class org.springframework.test.annotation.SystemProfileValueSource] for class [com.cotato.study.SpringnAWS.web.HelloControllerTest]
15:05:50.214 [Test worker] DEBUG org.springframework.test.context.support.DependencyInjectionTestExecutionListener - Performing dependency injection for test context [[DefaultTestContext@43e8eda2 testClass = HelloControllerTest, testInstance = com.cotato.study.SpringnAWS.web.HelloControllerTest@6fd7f670, testMethod = [null], testException = [null], mergedContextConfiguration = [WebMergedContextConfiguration@aeac39f testClass = HelloControllerTest, locations = '{}', classes = '{class com.cotato.study.SpringnAWS.Application}', contextInitializerClasses = '[]', activeProfiles = '{}', propertySourceLocations = '{}', propertySourceProperties = '{org.springframework.boot.test.autoconfigure.web.servlet.WebMvcTestContextBootstrapper=true}', contextCustomizers = set[org.springframework.boot.test.autoconfigure.OverrideAutoConfigurationContextCustomizerFactory$DisableAutoConfigurationContextCustomizer@7cf098db, org.springframework.boot.test.autoconfigure.filter.TypeExcludeFiltersContextCustomizer@611b78ca, org.springframework.boot.test.autoconfigure.properties.PropertyMappingContextCustomizer@a891b59e, org.springframework.boot.test.autoconfigure.web.servlet.WebDriverContextCustomizerFactory$Customizer@6c9f67b, [ImportsContextCustomizer@3999c77e key = [org.springframework.boot.autoconfigure.cache.CacheAutoConfiguration, org.springframework.boot.autoconfigure.context.MessageSourceAutoConfiguration, org.springframework.boot.autoconfigure.data.web.SpringDataWebAutoConfiguration, org.springframework.boot.autoconfigure.freemarker.FreeMarkerAutoConfiguration, org.springframework.boot.autoconfigure.groovy.template.GroovyTemplateAutoConfiguration, org.springframework.boot.autoconfigure.gson.GsonAutoConfiguration, org.springframework.boot.autoconfigure.hateoas.HypermediaAutoConfiguration, org.springframework.boot.autoconfigure.http.HttpMessageConvertersAutoConfiguration, org.springframework.boot.autoconfigure.jackson.JacksonAutoConfiguration, org.springframework.boot.autoconfigure.jsonb.JsonbAutoConfiguration, org.springframework.boot.autoconfigure.mustache.MustacheAutoConfiguration, org.springframework.boot.autoconfigure.task.TaskExecutionAutoConfiguration, org.springframework.boot.autoconfigure.thymeleaf.ThymeleafAutoConfiguration, org.springframework.boot.autoconfigure.validation.ValidationAutoConfiguration, org.springframework.boot.autoconfigure.web.servlet.error.ErrorMvcAutoConfiguration, org.springframework.boot.autoconfigure.web.servlet.WebMvcAutoConfiguration, org.springframework.boot.test.autoconfigure.web.servlet.MockMvcAutoConfiguration, org.springframework.boot.test.autoconfigure.web.servlet.MockMvcSecurityAutoConfiguration, org.springframework.boot.test.autoconfigure.web.servlet.MockMvcWebClientAutoConfiguration, org.springframework.boot.test.autoconfigure.web.servlet.MockMvcWebDriverAutoConfiguration]], org.springframework.boot.test.context.filter.ExcludeFilterContextCustomizer@1008d75b, org.springframework.boot.test.json.DuplicateJsonObjectContextCustomizerFactory$DuplicateJsonObjectContextCustomizer@21b06bc4, org.springframework.boot.test.mock.mockito.MockitoContextCustomizer@0], resourceBasePath = 'src/main/webapp', contextLoader = 'org.springframework.boot.test.context.SpringBootContextLoader', parent = [null]], attributes = map[[empty]]]].
15:05:50.350 [Test worker] DEBUG org.springframework.test.context.support.TestPropertySourceUtils - Adding inlined properties to environment: {spring.jmx.enabled=false, org.springframework.boot.test.autoconfigure.web.servlet.WebMvcTestContextBootstrapper=true, server.port=-1}

  .   ____          _            __ _ _
 /\\ / ___'_ __ _ _(_)_ __  __ _ \ \ \ \
( ( )\___ | '_ | '_| | '_ \/ _` | \ \ \ \
 \\/  ___)| |_)| | | | | || (_| |  ) ) ) )
  '  |____| .__|_| |_|_| |_\__, | / / / /
 =========|_|==============|___/=/_/_/_/
 :: Spring Boot ::        (v2.1.7.RELEASE)

2023-01-24 15:05:50.661  INFO 44532 --- [    Test worker] c.c.s.S.web.HelloControllerTest          : Starting HelloControllerTest on DESKTOP-JT0OJH6 with PID 44532 (started by skap0 in C:\Users\skap0\Desktop\CE\java\SpringBootnAWS\cotato\cotato)
2023-01-24 15:05:50.665  INFO 44532 --- [    Test worker] c.c.s.S.web.HelloControllerTest          : No active profile set, falling back to default profiles: default
2023-01-24 15:05:52.313  INFO 44532 --- [    Test worker] o.s.s.concurrent.ThreadPoolTaskExecutor  : Initializing ExecutorService 'applicationTaskExecutor'
2023-01-24 15:05:52.420  INFO 44532 --- [    Test worker] o.s.b.a.w.s.WelcomePageHandlerMapping    : Adding welcome page template: index
2023-01-24 15:05:52.924  INFO 44532 --- [    Test worker] .s.s.UserDetailsServiceAutoConfiguration : 

Using generated security password: 356e4729-3e70-44fb-af2a-74b93271eeb1

2023-01-24 15:05:53.165  INFO 44532 --- [    Test worker] o.s.s.web.DefaultSecurityFilterChain     : Creating filter chain: any request, [org.springframework.security.web.context.request.async.WebAsyncManagerIntegrationFilter@130e5907, org.springframework.security.web.context.SecurityContextPersistenceFilter@73121036, org.springframework.security.web.header.HeaderWriterFilter@38372933, org.springframework.security.web.csrf.CsrfFilter@78f3ec63, org.springframework.security.web.authentication.logout.LogoutFilter@6f7e09e0, org.springframework.security.web.authentication.UsernamePasswordAuthenticationFilter@20053796, org.springframework.security.web.authentication.ui.DefaultLoginPageGeneratingFilter@100f81fc, org.springframework.security.web.authentication.ui.DefaultLogoutPageGeneratingFilter@4791a659, org.springframework.security.web.authentication.www.BasicAuthenticationFilter@572930aa, org.springframework.security.web.savedrequest.RequestCacheAwareFilter@34ea9eff, org.springframework.security.web.servletapi.SecurityContextHolderAwareRequestFilter@366c2c6c, org.springframework.security.web.authentication.AnonymousAuthenticationFilter@975bbe, org.springframework.security.web.session.SessionManagementFilter@40276332, org.springframework.security.web.access.ExceptionTranslationFilter@1bfb98b3, org.springframework.security.web.access.intercept.FilterSecurityInterceptor@4d61997f]
2023-01-24 15:05:53.235  INFO 44532 --- [    Test worker] o.s.b.t.m.w.SpringBootMockServletContext : Initializing Spring TestDispatcherServlet ''
2023-01-24 15:05:53.235  INFO 44532 --- [    Test worker] o.s.t.web.servlet.TestDispatcherServlet  : Initializing Servlet ''
2023-01-24 15:05:53.254  INFO 44532 --- [    Test worker] o.s.t.web.servlet.TestDispatcherServlet  : Completed initialization in 19 ms
2023-01-24 15:05:53.316  INFO 44532 --- [    Test worker] c.c.s.S.web.HelloControllerTest          : Started HelloControllerTest in 2.953 seconds (JVM running for 4.358)
]]></system-out>
  <system-err><![CDATA[]]></system-err>
</testsuite>
